<?xml version="1.0" encoding="UTF-8"?>
<!-- Generated by org.testng.reporters.JUnitReportReporter -->
<testsuite hostname="Nikhil" failures="0" tests="5" name="FrameWork.TestCases.LoginDDT" time="25.017" errors="0" timestamp="2024-10-10T19:16:16 IST" skipped="1">
  <testcase classname="FrameWork.TestCases.LoginDDT" name="logintest_002_valid_email_invalid_pass" time="5.984"/>
  <testcase classname="FrameWork.TestCases.LoginDDT" name="logintest_002_valid_email_invalid_pass" time="5.947">
    <skipped/>
  </testcase> <!-- logintest_002_valid_email_invalid_pass -->
  <testcase classname="FrameWork.TestCases.LoginDDT" name="logintest_002_valid_email_invalid_pass" time="3.481"/>
  <testcase classname="FrameWork.TestCases.LoginDDT" name="logintest_002_valid_email_invalid_pass" time="3.275"/>
  <testcase classname="FrameWork.TestCases.LoginDDT" name="logintest_002_valid_email_invalid_pass" time="6.330"/>
</testsuite> <!-- FrameWork.TestCases.LoginDDT -->
