<?xml version="1.0" encoding="UTF-8"?>
<!-- Generated by org.testng.reporters.JUnitReportReporter -->
<testsuite hostname="Nikhil" failures="0" tests="4" name="FrameWork.TestComponents.DataProviders" time="0.030" errors="0" timestamp="2024-10-10T18:16:54 IST" skipped="0">
  <testcase classname="FrameWork.TestComponents.DataProviders" name="getDatas" time="0.004"/>
  <testcase classname="FrameWork.TestComponents.DataProviders" name="getDatas" time="0.006"/>
  <testcase classname="FrameWork.TestComponents.DataProviders" name="getDatas" time="0.017"/>
  <testcase classname="FrameWork.TestComponents.DataProviders" name="getDatas" time="0.003"/>
</testsuite> <!-- FrameWork.TestComponents.DataProviders -->
