<?xml version="1.0" encoding="UTF-8"?>
<!-- Generated by org.testng.reporters.JUnitReportReporter -->
<testsuite hostname="Nikhil" failures="0" tests="1" name="FrameWork.Cucumber.TestNGTestRunner" time="9.060" errors="0" timestamp="2024-10-05T17:02:37 IST" skipped="0">
  <testcase classname="FrameWork.Cucumber.TestNGTestRunner" name="runScenario" time="9.060"/>
</testsuite> <!-- FrameWork.Cucumber.TestNGTestRunner -->
