<?xml version="1.0" encoding="UTF-8"?>
<!-- Generated by org.testng.reporters.JUnitReportReporter -->
<testsuite hostname="Nikhil" failures="0" tests="1" name="FrameWork.TestCases.StandAloneTest" time="9.722" errors="0" timestamp="2024-10-02T18:23:14 IST" skipped="0">
  <testcase classname="FrameWork.TestCases.StandAloneTest" name="submitOrder" time="9.722"/>
</testsuite> <!-- FrameWork.TestCases.StandAloneTest -->
