<?xml version="1.0" encoding="UTF-8"?>
<!-- Generated by org.testng.reporters.JUnitReportReporter -->
<testsuite hostname="Nikhil" failures="0" tests="2" name="FrameWork.TestCases.LoginTestCases" time="11.666" errors="0" timestamp="2024-10-03T18:49:34 IST" skipped="0">
  <testcase classname="FrameWork.TestCases.LoginTestCases" name="logintest_002_valid_email_invalid_pass" time="5.438"/>
  <testcase classname="FrameWork.TestCases.LoginTestCases" name="logintest_002_valid_email_invalid_pass" time="6.228"/>
</testsuite> <!-- FrameWork.TestCases.LoginTestCases -->
