<?xml version="1.0" encoding="UTF-8"?>
<!-- Generated by org.testng.reporters.JUnitReportReporter -->
<testsuite hostname="Nikhil" failures="0" tests="2" name="FrameWork.TestCases.LoginTestCases" time="12.972" errors="0" timestamp="2024-10-10T16:23:17 IST" skipped="0">
  <testcase classname="FrameWork.TestCases.LoginTestCases" name="logintest_002_valid_email_invalid_pass" time="4.851"/>
  <testcase classname="FrameWork.TestCases.LoginTestCases" name="logintest_002_valid_email_invalid_pass" time="8.121"/>
</testsuite> <!-- FrameWork.TestCases.LoginTestCases -->
