<?xml version="1.0" encoding="UTF-8"?>
<!-- Generated by org.testng.reporters.JUnitReportReporter -->
<testsuite hostname="Nikhil" failures="0" tests="2" name="FrameWork.TestCases.StandAloneTest" time="16.441" errors="0" timestamp="2024-10-03T17:43:18 IST" skipped="0">
  <testcase classname="FrameWork.TestCases.StandAloneTest" name="submitOrder" time="8.363"/>
  <testcase classname="FrameWork.TestCases.StandAloneTest" name="submitOrder" time="8.078"/>
</testsuite> <!-- FrameWork.TestCases.StandAloneTest -->
