<?xml version="1.0" encoding="UTF-8"?>
<!-- Generated by org.testng.reporters.JUnitReportReporter -->
<testsuite hostname="Nikhil" failures="0" tests="2" name="FrameWork.TestCases.LoginTestCases" time="8.877" errors="0" timestamp="2024-10-03T17:43:18 IST" skipped="0">
  <testcase classname="FrameWork.TestCases.LoginTestCases" name="logintest_002_valid_email_invalid_pass" time="5.633"/>
  <testcase classname="FrameWork.TestCases.LoginTestCases" name="logintest_002_valid_email_invalid_pass" time="3.244"/>
</testsuite> <!-- FrameWork.TestCases.LoginTestCases -->
