<?xml version="1.0" encoding="UTF-8"?>
<!-- Generated by org.testng.reporters.JUnitReportReporter -->
<testsuite hostname="Nikhil" failures="0" tests="3" name="FrameWork.TestCases.LoginTestCases" time="12.031" errors="0" timestamp="2024-10-03T09:35:51 IST" skipped="0">
  <testcase classname="FrameWork.TestCases.LoginTestCases" name="logintest_002_valid_email_invalid_pass" time="3.974"/>
  <testcase classname="FrameWork.TestCases.LoginTestCases" name="logintest_003_invalid_email_valid_pass" time="4.630"/>
  <testcase classname="FrameWork.TestCases.LoginTestCases" name="logintest_001_valid_creds" time="3.427"/>
</testsuite> <!-- FrameWork.TestCases.LoginTestCases -->
